{"C:\\JestTest\\hustlr\\src\\App.js": {"path":"C:\\JestTest\\hustlr\\src\\App.js","statementMap":{"0":{"start":{"line":20,"column":2},"end":{"line":50,"column":4}}},"fnMap":{"0":{"name":"App","decl":{"start":{"line":19,"column":9},"end":{"line":19,"column":12}},"loc":{"start":{"line":19,"column":15},"end":{"line":52,"column":1}},"line":19}},"branchMap":{},"s":{"0":0},"f":{"0":0},"b":{}}
,"C:\\JestTest\\hustlr\\src\\firebaseConfig.js": {"path":"C:\\JestTest\\hustlr\\src\\firebaseConfig.js","statementMap":{"0":{"start":{"line":7,"column":21},"end":{"line":14,"column":1}},"1":{"start":{"line":17,"column":24},"end":{"line":25,"column":1}},"2":{"start":{"line":28,"column":17},"end":{"line":36,"column":1}},"3":{"start":{"line":40,"column":18},"end":{"line":40,"column":45}},"4":{"start":{"line":41,"column":19},"end":{"line":41,"column":37}},"5":{"start":{"line":42,"column":18},"end":{"line":42,"column":40}},"6":{"start":{"line":45,"column":21},"end":{"line":45,"column":67}},"7":{"start":{"line":46,"column":22},"end":{"line":46,"column":43}},"8":{"start":{"line":47,"column":21},"end":{"line":47,"column":46}},"9":{"start":{"line":49,"column":20},"end":{"line":49,"column":58}},"10":{"start":{"line":50,"column":11},"end":{"line":50,"column":35}}},"fnMap":{},"branchMap":{},"s":{"0":0,"1":0,"2":0,"3":0,"4":0,"5":0,"6":0,"7":0,"8":0,"9":0,"10":0},"f":{},"b":{}}
,"C:\\JestTest\\hustlr\\src\\index.js": {"path":"C:\\JestTest\\hustlr\\src\\index.js","statementMap":{"0":{"start":{"line":7,"column":13},"end":{"line":7,"column":65}},"1":{"start":{"line":8,"column":0},"end":{"line":12,"column":2}}},"fnMap":{},"branchMap":{},"s":{"0":0,"1":0},"f":{},"b":{}}
,"C:\\JestTest\\hustlr\\src\\components\\Footer.js": {"path":"C:\\JestTest\\hustlr\\src\\components\\Footer.js","statementMap":{"0":{"start":{"line":6,"column":8},"end":{"line":13,"column":13}}},"fnMap":{"0":{"name":"(anonymous_0)","decl":{"start":{"line":5,"column":4},"end":{"line":5,"column":5}},"loc":{"start":{"line":5,"column":12},"end":{"line":14,"column":5}},"line":5}},"branchMap":{},"s":{"0":3},"f":{"0":3},"b":{},"_coverageSchema":"1a1c01bbd47fc00a2c39e90264f33305004495a9","hash":"92d9ec6b8feb098e3f3bcbfa7ef9aa6e3dd8b697"}
,"C:\\JestTest\\hustlr\\src\\components\\FooterClient.js": {"path":"C:\\JestTest\\hustlr\\src\\components\\FooterClient.js","statementMap":{"0":{"start":{"line":4,"column":21},"end":{"line":10,"column":1}},"1":{"start":{"line":5,"column":2},"end":{"line":9,"column":4}}},"fnMap":{"0":{"name":"(anonymous_0)","decl":{"start":{"line":4,"column":21},"end":{"line":4,"column":22}},"loc":{"start":{"line":4,"column":27},"end":{"line":10,"column":1}},"line":4}},"branchMap":{},"s":{"0":1,"1":2},"f":{"0":2},"b":{},"_coverageSchema":"1a1c01bbd47fc00a2c39e90264f33305004495a9","hash":"e220ff497b4648b6390ec4e784e3f2de34352c0b"}
,"C:\\JestTest\\hustlr\\src\\components\\Header.js": {"path":"C:\\JestTest\\hustlr\\src\\components\\Header.js","statementMap":{"0":{"start":{"line":7,"column":4},"end":{"line":7,"column":17}},"1":{"start":{"line":8,"column":4},"end":{"line":10,"column":6}},"2":{"start":{"line":13,"column":18},"end":{"line":17,"column":3}},"3":{"start":{"line":14,"column":4},"end":{"line":16,"column":8}},"4":{"start":{"line":14,"column":34},"end":{"line":16,"column":5}},"5":{"start":{"line":20,"column":4},"end":{"line":51,"column":6}}},"fnMap":{"0":{"name":"(anonymous_0)","decl":{"start":{"line":6,"column":2},"end":{"line":6,"column":3}},"loc":{"start":{"line":6,"column":21},"end":{"line":11,"column":3}},"line":6},"1":{"name":"(anonymous_1)","decl":{"start":{"line":13,"column":18},"end":{"line":13,"column":19}},"loc":{"start":{"line":13,"column":24},"end":{"line":17,"column":3}},"line":13},"2":{"name":"(anonymous_2)","decl":{"start":{"line":14,"column":18},"end":{"line":14,"column":19}},"loc":{"start":{"line":14,"column":34},"end":{"line":16,"column":5}},"line":14},"3":{"name":"(anonymous_3)","decl":{"start":{"line":19,"column":2},"end":{"line":19,"column":3}},"loc":{"start":{"line":19,"column":11},"end":{"line":52,"column":3}},"line":19}},"branchMap":{"0":{"loc":{"start":{"line":34,"column":37},"end":{"line":34,"column":73}},"type":"cond-expr","locations":[{"start":{"line":34,"column":62},"end":{"line":34,"column":68}},{"start":{"line":34,"column":71},"end":{"line":34,"column":73}}],"line":34}},"s":{"0":0,"1":0,"2":0,"3":0,"4":0,"5":0},"f":{"0":0,"1":0,"2":0,"3":0},"b":{"0":[0,0]}}
,"C:\\JestTest\\hustlr\\src\\components\\HeaderClient.js": {"path":"C:\\JestTest\\hustlr\\src\\components\\HeaderClient.js","statementMap":{"0":{"start":{"line":6,"column":4},"end":{"line":6,"column":17}},"1":{"start":{"line":7,"column":4},"end":{"line":9,"column":6}},"2":{"start":{"line":12,"column":15},"end":{"line":22,"column":3}},"3":{"start":{"line":13,"column":4},"end":{"line":21,"column":7}},"4":{"start":{"line":13,"column":34},"end":{"line":15,"column":5}},"5":{"start":{"line":16,"column":6},"end":{"line":20,"column":7}},"6":{"start":{"line":17,"column":8},"end":{"line":17,"column":56}},"7":{"start":{"line":19,"column":8},"end":{"line":19,"column":59}},"8":{"start":{"line":25,"column":4},"end":{"line":50,"column":6}}},"fnMap":{"0":{"name":"(anonymous_0)","decl":{"start":{"line":5,"column":2},"end":{"line":5,"column":3}},"loc":{"start":{"line":5,"column":21},"end":{"line":10,"column":3}},"line":5},"1":{"name":"(anonymous_1)","decl":{"start":{"line":12,"column":15},"end":{"line":12,"column":16}},"loc":{"start":{"line":12,"column":21},"end":{"line":22,"column":3}},"line":12},"2":{"name":"(anonymous_2)","decl":{"start":{"line":13,"column":18},"end":{"line":13,"column":19}},"loc":{"start":{"line":13,"column":34},"end":{"line":15,"column":5}},"line":13},"3":{"name":"(anonymous_3)","decl":{"start":{"line":15,"column":8},"end":{"line":15,"column":9}},"loc":{"start":{"line":15,"column":14},"end":{"line":21,"column":5}},"line":15},"4":{"name":"(anonymous_4)","decl":{"start":{"line":24,"column":2},"end":{"line":24,"column":3}},"loc":{"start":{"line":24,"column":11},"end":{"line":51,"column":3}},"line":24}},"branchMap":{"0":{"loc":{"start":{"line":16,"column":6},"end":{"line":20,"column":7}},"type":"if","locations":[{"start":{"line":16,"column":6},"end":{"line":20,"column":7}},{"start":{"line":18,"column":13},"end":{"line":20,"column":7}}],"line":16}},"s":{"0":4,"1":4,"2":4,"3":0,"4":0,"5":0,"6":0,"7":0,"8":4},"f":{"0":4,"1":0,"2":0,"3":0,"4":4},"b":{"0":[0,0]},"_coverageSchema":"1a1c01bbd47fc00a2c39e90264f33305004495a9","hash":"e41ce91c108e5edb71bc75fdd80a27d0c953b2fe"}
,"C:\\JestTest\\hustlr\\src\\components\\HeaderFreelancer.js": {"path":"C:\\JestTest\\hustlr\\src\\components\\HeaderFreelancer.js","statementMap":{"0":{"start":{"line":6,"column":4},"end":{"line":6,"column":17}},"1":{"start":{"line":7,"column":4},"end":{"line":9,"column":6}},"2":{"start":{"line":12,"column":15},"end":{"line":22,"column":3}},"3":{"start":{"line":13,"column":4},"end":{"line":21,"column":7}},"4":{"start":{"line":13,"column":34},"end":{"line":15,"column":5}},"5":{"start":{"line":16,"column":6},"end":{"line":20,"column":7}},"6":{"start":{"line":17,"column":8},"end":{"line":17,"column":56}},"7":{"start":{"line":19,"column":8},"end":{"line":19,"column":59}},"8":{"start":{"line":25,"column":4},"end":{"line":50,"column":6}}},"fnMap":{"0":{"name":"(anonymous_0)","decl":{"start":{"line":5,"column":2},"end":{"line":5,"column":3}},"loc":{"start":{"line":5,"column":21},"end":{"line":10,"column":3}},"line":5},"1":{"name":"(anonymous_1)","decl":{"start":{"line":12,"column":15},"end":{"line":12,"column":16}},"loc":{"start":{"line":12,"column":21},"end":{"line":22,"column":3}},"line":12},"2":{"name":"(anonymous_2)","decl":{"start":{"line":13,"column":18},"end":{"line":13,"column":19}},"loc":{"start":{"line":13,"column":34},"end":{"line":15,"column":5}},"line":13},"3":{"name":"(anonymous_3)","decl":{"start":{"line":15,"column":8},"end":{"line":15,"column":9}},"loc":{"start":{"line":15,"column":14},"end":{"line":21,"column":5}},"line":15},"4":{"name":"(anonymous_4)","decl":{"start":{"line":24,"column":2},"end":{"line":24,"column":3}},"loc":{"start":{"line":24,"column":11},"end":{"line":51,"column":3}},"line":24}},"branchMap":{"0":{"loc":{"start":{"line":16,"column":6},"end":{"line":20,"column":7}},"type":"if","locations":[{"start":{"line":16,"column":6},"end":{"line":20,"column":7}},{"start":{"line":18,"column":13},"end":{"line":20,"column":7}}],"line":16}},"s":{"0":0,"1":0,"2":0,"3":0,"4":0,"5":0,"6":0,"7":0,"8":0},"f":{"0":0,"1":0,"2":0,"3":0,"4":0},"b":{"0":[0,0]}}
,"C:\\JestTest\\hustlr\\src\\pages\\AdminCorrect.js": {"path":"C:\\JestTest\\hustlr\\src\\pages\\AdminCorrect.js","statementMap":{"0":{"start":{"line":8,"column":4},"end":{"line":8,"column":17}},"1":{"start":{"line":9,"column":4},"end":{"line":12,"column":6}},"2":{"start":{"line":15,"column":15},"end":{"line":17,"column":3}},"3":{"start":{"line":16,"column":4},"end":{"line":16,"column":54}},"4":{"start":{"line":19,"column":17},"end":{"line":21,"column":3}},"5":{"start":{"line":20,"column":4},"end":{"line":20,"column":45}},"6":{"start":{"line":24,"column":4},"end":{"line":64,"column":6}}},"fnMap":{"0":{"name":"(anonymous_0)","decl":{"start":{"line":7,"column":2},"end":{"line":7,"column":3}},"loc":{"start":{"line":7,"column":21},"end":{"line":13,"column":3}},"line":7},"1":{"name":"(anonymous_1)","decl":{"start":{"line":15,"column":15},"end":{"line":15,"column":16}},"loc":{"start":{"line":15,"column":21},"end":{"line":17,"column":3}},"line":15},"2":{"name":"(anonymous_2)","decl":{"start":{"line":19,"column":17},"end":{"line":19,"column":18}},"loc":{"start":{"line":19,"column":23},"end":{"line":21,"column":3}},"line":19},"3":{"name":"(anonymous_3)","decl":{"start":{"line":23,"column":2},"end":{"line":23,"column":3}},"loc":{"start":{"line":23,"column":11},"end":{"line":65,"column":3}},"line":23}},"branchMap":{"0":{"loc":{"start":{"line":33,"column":32},"end":{"line":33,"column":70}},"type":"cond-expr","locations":[{"start":{"line":33,"column":54},"end":{"line":33,"column":61}},{"start":{"line":33,"column":64},"end":{"line":33,"column":70}}],"line":33},"1":{"loc":{"start":{"line":51,"column":11},"end":{"line":61,"column":11}},"type":"binary-expr","locations":[{"start":{"line":51,"column":11},"end":{"line":51,"column":36}},{"start":{"line":52,"column":12},"end":{"line":60,"column":22}}],"line":51}},"s":{"0":0,"1":0,"2":0,"3":0,"4":0,"5":0,"6":0},"f":{"0":0,"1":0,"2":0,"3":0},"b":{"0":[0,0],"1":[0,0]}}
,"C:\\JestTest\\hustlr\\src\\pages\\Client.js": {"path":"C:\\JestTest\\hustlr\\src\\pages\\Client.js","statementMap":{"0":{"start":{"line":16,"column":4},"end":{"line":16,"column":17}},"1":{"start":{"line":17,"column":4},"end":{"line":19,"column":6}},"2":{"start":{"line":22,"column":24},"end":{"line":24,"column":3}},"3":{"start":{"line":23,"column":4},"end":{"line":23,"column":45}},"4":{"start":{"line":27,"column":4},"end":{"line":76,"column":6}}},"fnMap":{"0":{"name":"(anonymous_0)","decl":{"start":{"line":15,"column":2},"end":{"line":15,"column":3}},"loc":{"start":{"line":15,"column":21},"end":{"line":20,"column":3}},"line":15},"1":{"name":"(anonymous_1)","decl":{"start":{"line":22,"column":24},"end":{"line":22,"column":25}},"loc":{"start":{"line":22,"column":30},"end":{"line":24,"column":3}},"line":22},"2":{"name":"(anonymous_2)","decl":{"start":{"line":26,"column":2},"end":{"line":26,"column":3}},"loc":{"start":{"line":26,"column":11},"end":{"line":77,"column":3}},"line":26}},"branchMap":{"0":{"loc":{"start":{"line":37,"column":11},"end":{"line":71,"column":11}},"type":"cond-expr","locations":[{"start":{"line":38,"column":12},"end":{"line":43,"column":22}},{"start":{"line":45,"column":12},"end":{"line":70,"column":22}}],"line":37}},"s":{"0":0,"1":0,"2":0,"3":0,"4":0},"f":{"0":0,"1":0,"2":0},"b":{"0":[0,0]}}
,"C:\\JestTest\\hustlr\\src\\pages\\ClientJobs.js": {"path":"C:\\JestTest\\hustlr\\src\\pages\\ClientJobs.js","statementMap":{"0":{"start":{"line":9,"column":24},"end":{"line":15,"column":1}},"1":{"start":{"line":17,"column":16},"end":{"line":17,"column":47}},"2":{"start":{"line":20,"column":19},"end":{"line":206,"column":1}},"3":{"start":{"line":21,"column":30},"end":{"line":21,"column":42}},"4":{"start":{"line":22,"column":34},"end":{"line":22,"column":59}},"5":{"start":{"line":23,"column":28},"end":{"line":23,"column":40}},"6":{"start":{"line":24,"column":42},"end":{"line":24,"column":56}},"7":{"start":{"line":25,"column":25},"end":{"line":25,"column":37}},"8":{"start":{"line":27,"column":23},"end":{"line":29,"column":3}},"9":{"start":{"line":28,"column":4},"end":{"line":28,"column":66}},"10":{"start":{"line":31,"column":26},"end":{"line":41,"column":3}},"11":{"start":{"line":32,"column":4},"end":{"line":32,"column":34}},"12":{"start":{"line":33,"column":4},"end":{"line":39,"column":7}},"13":{"start":{"line":40,"column":4},"end":{"line":40,"column":67}},"14":{"start":{"line":43,"column":23},"end":{"line":48,"column":3}},"15":{"start":{"line":44,"column":4},"end":{"line":44,"column":77}},"16":{"start":{"line":44,"column":70},"end":{"line":44,"column":77}},"17":{"start":{"line":45,"column":19},"end":{"line":45,"column":51}},"18":{"start":{"line":46,"column":4},"end":{"line":46,"column":25}},"19":{"start":{"line":50,"column":27},"end":{"line":54,"column":3}},"20":{"start":{"line":51,"column":4},"end":{"line":51,"column":26}},"21":{"start":{"line":52,"column":4},"end":{"line":52,"column":33}},"22":{"start":{"line":53,"column":4},"end":{"line":53,"column":17}},"23":{"start":{"line":56,"column":23},"end":{"line":93,"column":3}},"24":{"start":{"line":57,"column":4},"end":{"line":57,"column":23}},"25":{"start":{"line":60,"column":4},"end":{"line":63,"column":5}},"26":{"start":{"line":61,"column":6},"end":{"line":61,"column":48}},"27":{"start":{"line":62,"column":6},"end":{"line":62,"column":13}},"28":{"start":{"line":65,"column":4},"end":{"line":65,"column":17}},"29":{"start":{"line":67,"column":4},"end":{"line":92,"column":5}},"30":{"start":{"line":68,"column":6},"end":{"line":83,"column":7}},"31":{"start":{"line":69,"column":23},"end":{"line":69,"column":54}},"32":{"start":{"line":70,"column":8},"end":{"line":73,"column":11}},"33":{"start":{"line":76,"column":26},"end":{"line":76,"column":47}},"34":{"start":{"line":77,"column":8},"end":{"line":81,"column":11}},"35":{"start":{"line":85,"column":6},"end":{"line":85,"column":35}},"36":{"start":{"line":86,"column":6},"end":{"line":86,"column":28}},"37":{"start":{"line":89,"column":6},"end":{"line":89,"column":59}},"38":{"start":{"line":90,"column":6},"end":{"line":90,"column":45}},"39":{"start":{"line":91,"column":6},"end":{"line":91,"column":53}},"40":{"start":{"line":95,"column":2},"end":{"line":110,"column":16}},"41":{"start":{"line":96,"column":20},"end":{"line":96,"column":35}},"42":{"start":{"line":97,"column":24},"end":{"line":107,"column":6}},"43":{"start":{"line":98,"column":19},"end":{"line":98,"column":33}},"44":{"start":{"line":99,"column":25},"end":{"line":99,"column":27}},"45":{"start":{"line":101,"column":6},"end":{"line":105,"column":7}},"46":{"start":{"line":102,"column":8},"end":{"line":104,"column":9}},"47":{"start":{"line":103,"column":10},"end":{"line":103,"column":47}},"48":{"start":{"line":106,"column":6},"end":{"line":106,"column":30}},"49":{"start":{"line":109,"column":4},"end":{"line":109,"column":31}},"50":{"start":{"line":109,"column":17},"end":{"line":109,"column":30}},"51":{"start":{"line":112,"column":2},"end":{"line":205,"column":4}},"52":{"start":{"line":138,"column":16},"end":{"line":152,"column":21}},"53":{"start":{"line":148,"column":45},"end":{"line":148,"column":65}},"54":{"start":{"line":149,"column":45},"end":{"line":149,"column":65}}},"fnMap":{"0":{"name":"(anonymous_0)","decl":{"start":{"line":20,"column":19},"end":{"line":20,"column":20}},"loc":{"start":{"line":20,"column":25},"end":{"line":206,"column":1}},"line":20},"1":{"name":"(anonymous_1)","decl":{"start":{"line":27,"column":23},"end":{"line":27,"column":24}},"loc":{"start":{"line":27,"column":30},"end":{"line":29,"column":3}},"line":27},"2":{"name":"(anonymous_2)","decl":{"start":{"line":31,"column":26},"end":{"line":31,"column":27}},"loc":{"start":{"line":31,"column":41},"end":{"line":41,"column":3}},"line":31},"3":{"name":"(anonymous_3)","decl":{"start":{"line":43,"column":23},"end":{"line":43,"column":24}},"loc":{"start":{"line":43,"column":48},"end":{"line":48,"column":3}},"line":43},"4":{"name":"(anonymous_4)","decl":{"start":{"line":50,"column":27},"end":{"line":50,"column":28}},"loc":{"start":{"line":50,"column":33},"end":{"line":54,"column":3}},"line":50},"5":{"name":"(anonymous_5)","decl":{"start":{"line":56,"column":23},"end":{"line":56,"column":24}},"loc":{"start":{"line":56,"column":36},"end":{"line":93,"column":3}},"line":56},"6":{"name":"(anonymous_6)","decl":{"start":{"line":95,"column":12},"end":{"line":95,"column":13}},"loc":{"start":{"line":95,"column":18},"end":{"line":110,"column":3}},"line":95},"7":{"name":"(anonymous_7)","decl":{"start":{"line":97,"column":41},"end":{"line":97,"column":42}},"loc":{"start":{"line":97,"column":55},"end":{"line":107,"column":5}},"line":97},"8":{"name":"(anonymous_8)","decl":{"start":{"line":109,"column":11},"end":{"line":109,"column":12}},"loc":{"start":{"line":109,"column":17},"end":{"line":109,"column":30}},"line":109},"9":{"name":"(anonymous_9)","decl":{"start":{"line":137,"column":23},"end":{"line":137,"column":24}},"loc":{"start":{"line":138,"column":16},"end":{"line":152,"column":21}},"line":138},"10":{"name":"(anonymous_10)","decl":{"start":{"line":148,"column":39},"end":{"line":148,"column":40}},"loc":{"start":{"line":148,"column":45},"end":{"line":148,"column":65}},"line":148},"11":{"name":"(anonymous_11)","decl":{"start":{"line":149,"column":39},"end":{"line":149,"column":40}},"loc":{"start":{"line":149,"column":45},"end":{"line":149,"column":65}},"line":149}},"branchMap":{"0":{"loc":{"start":{"line":44,"column":4},"end":{"line":44,"column":77}},"type":"if","locations":[{"start":{"line":44,"column":4},"end":{"line":44,"column":77}},{"start":{},"end":{}}],"line":44},"1":{"loc":{"start":{"line":60,"column":4},"end":{"line":63,"column":5}},"type":"if","locations":[{"start":{"line":60,"column":4},"end":{"line":63,"column":5}},{"start":{},"end":{}}],"line":60},"2":{"loc":{"start":{"line":60,"column":8},"end":{"line":60,"column":112}},"type":"binary-expr","locations":[{"start":{"line":60,"column":8},"end":{"line":60,"column":23}},{"start":{"line":60,"column":27},"end":{"line":60,"column":48}},{"start":{"line":60,"column":52},"end":{"line":60,"column":70}},{"start":{"line":60,"column":74},"end":{"line":60,"column":90}},{"start":{"line":60,"column":94},"end":{"line":60,"column":112}}],"line":60},"3":{"loc":{"start":{"line":68,"column":6},"end":{"line":83,"column":7}},"type":"if","locations":[{"start":{"line":68,"column":6},"end":{"line":83,"column":7}},{"start":{"line":75,"column":13},"end":{"line":83,"column":7}}],"line":68},"4":{"loc":{"start":{"line":102,"column":8},"end":{"line":104,"column":9}},"type":"if","locations":[{"start":{"line":102,"column":8},"end":{"line":104,"column":9}},{"start":{},"end":{}}],"line":102},"5":{"loc":{"start":{"line":134,"column":13},"end":{"line":154,"column":13}},"type":"cond-expr","locations":[{"start":{"line":135,"column":14},"end":{"line":135,"column":90}},{"start":{"line":137,"column":14},"end":{"line":153,"column":16}}],"line":134},"6":{"loc":{"start":{"line":144,"column":50},"end":{"line":144,"column":98}},"type":"cond-expr","locations":[{"start":{"line":144,"column":63},"end":{"line":144,"column":90}},{"start":{"line":144,"column":93},"end":{"line":144,"column":98}}],"line":144},"7":{"loc":{"start":{"line":145,"column":51},"end":{"line":145,"column":131}},"type":"cond-expr","locations":[{"start":{"line":145,"column":66},"end":{"line":145,"column":123}},{"start":{"line":145,"column":126},"end":{"line":145,"column":131}}],"line":145},"8":{"loc":{"start":{"line":160,"column":17},"end":{"line":160,"column":66}},"type":"cond-expr","locations":[{"start":{"line":160,"column":32},"end":{"line":160,"column":47}},{"start":{"line":160,"column":50},"end":{"line":160,"column":66}}],"line":160},"9":{"loc":{"start":{"line":163,"column":11},"end":{"line":163,"column":69}},"type":"binary-expr","locations":[{"start":{"line":163,"column":11},"end":{"line":163,"column":16}},{"start":{"line":163,"column":20},"end":{"line":163,"column":69}}],"line":163},"10":{"loc":{"start":{"line":167,"column":23},"end":{"line":167,"column":74}},"type":"cond-expr","locations":[{"start":{"line":167,"column":38},"end":{"line":167,"column":58}},{"start":{"line":167,"column":61},"end":{"line":167,"column":74}}],"line":167},"11":{"loc":{"start":{"line":194,"column":37},"end":{"line":194,"column":81}},"type":"cond-expr","locations":[{"start":{"line":194,"column":52},"end":{"line":194,"column":66}},{"start":{"line":194,"column":69},"end":{"line":194,"column":81}}],"line":194},"12":{"loc":{"start":{"line":195,"column":15},"end":{"line":197,"column":15}},"type":"binary-expr","locations":[{"start":{"line":195,"column":15},"end":{"line":195,"column":27}},{"start":{"line":196,"column":16},"end":{"line":196,"column":108}}],"line":195}},"s":{"0":0,"1":0,"2":0,"3":0,"4":0,"5":0,"6":0,"7":0,"8":0,"9":0,"10":0,"11":0,"12":0,"13":0,"14":0,"15":0,"16":0,"17":0,"18":0,"19":0,"20":0,"21":0,"22":0,"23":0,"24":0,"25":0,"26":0,"27":0,"28":0,"29":0,"30":0,"31":0,"32":0,"33":0,"34":0,"35":0,"36":0,"37":0,"38":0,"39":0,"40":0,"41":0,"42":0,"43":0,"44":0,"45":0,"46":0,"47":0,"48":0,"49":0,"50":0,"51":0,"52":0,"53":0,"54":0},"f":{"0":0,"1":0,"2":0,"3":0,"4":0,"5":0,"6":0,"7":0,"8":0,"9":0,"10":0,"11":0},"b":{"0":[0,0],"1":[0,0],"2":[0,0,0,0,0],"3":[0,0],"4":[0,0],"5":[0,0],"6":[0,0],"7":[0,0],"8":[0,0],"9":[0,0],"10":[0,0],"11":[0,0],"12":[0,0]}}
,"C:\\JestTest\\hustlr\\src\\pages\\ClientPayments.js": {"path":"C:\\JestTest\\hustlr\\src\\pages\\ClientPayments.js","statementMap":{"0":{"start":{"line":4,"column":23},"end":{"line":67,"column":1}},"1":{"start":{"line":5,"column":2},"end":{"line":66,"column":4}}},"fnMap":{"0":{"name":"(anonymous_0)","decl":{"start":{"line":4,"column":23},"end":{"line":4,"column":24}},"loc":{"start":{"line":4,"column":29},"end":{"line":67,"column":1}},"line":4}},"branchMap":{},"s":{"0":1,"1":4},"f":{"0":4},"b":{},"_coverageSchema":"1a1c01bbd47fc00a2c39e90264f33305004495a9","hash":"3c376a6e1fab62607947c871f9ad730a1afefe0f"}
,"C:\\JestTest\\hustlr\\src\\pages\\Freelancer.js": {"path":"C:\\JestTest\\hustlr\\src\\pages\\Freelancer.js","statementMap":{"0":{"start":{"line":18,"column":4},"end":{"line":18,"column":17}},"1":{"start":{"line":19,"column":4},"end":{"line":22,"column":6}},"2":{"start":{"line":25,"column":15},"end":{"line":27,"column":3}},"3":{"start":{"line":26,"column":4},"end":{"line":26,"column":54}},"4":{"start":{"line":29,"column":17},"end":{"line":31,"column":3}},"5":{"start":{"line":30,"column":4},"end":{"line":30,"column":45}},"6":{"start":{"line":34,"column":4},"end":{"line":87,"column":6}}},"fnMap":{"0":{"name":"(anonymous_0)","decl":{"start":{"line":17,"column":2},"end":{"line":17,"column":3}},"loc":{"start":{"line":17,"column":21},"end":{"line":23,"column":3}},"line":17},"1":{"name":"(anonymous_1)","decl":{"start":{"line":25,"column":15},"end":{"line":25,"column":16}},"loc":{"start":{"line":25,"column":21},"end":{"line":27,"column":3}},"line":25},"2":{"name":"(anonymous_2)","decl":{"start":{"line":29,"column":17},"end":{"line":29,"column":18}},"loc":{"start":{"line":29,"column":23},"end":{"line":31,"column":3}},"line":29},"3":{"name":"(anonymous_3)","decl":{"start":{"line":33,"column":2},"end":{"line":33,"column":3}},"loc":{"start":{"line":33,"column":11},"end":{"line":88,"column":3}},"line":33}},"branchMap":{"0":{"loc":{"start":{"line":44,"column":11},"end":{"line":53,"column":11}},"type":"binary-expr","locations":[{"start":{"line":44,"column":11},"end":{"line":44,"column":36}},{"start":{"line":45,"column":12},"end":{"line":52,"column":22}}],"line":44},"1":{"loc":{"start":{"line":56,"column":9},"end":{"line":83,"column":9}},"type":"binary-expr","locations":[{"start":{"line":56,"column":9},"end":{"line":56,"column":35}},{"start":{"line":57,"column":10},"end":{"line":82,"column":20}}],"line":56}},"s":{"0":0,"1":0,"2":0,"3":0,"4":0,"5":0,"6":0},"f":{"0":0,"1":0,"2":0,"3":0},"b":{"0":[0,0],"1":[0,0]}}
,"C:\\JestTest\\hustlr\\src\\pages\\FreelancerJobs.js": {"path":"C:\\JestTest\\hustlr\\src\\pages\\FreelancerJobs.js","statementMap":{"0":{"start":{"line":8,"column":23},"end":{"line":94,"column":1}},"1":{"start":{"line":9,"column":38},"end":{"line":9,"column":50}},"2":{"start":{"line":10,"column":46},"end":{"line":10,"column":61}},"3":{"start":{"line":11,"column":26},"end":{"line":11,"column":38}},"4":{"start":{"line":13,"column":2},"end":{"line":28,"column":9}},"5":{"start":{"line":14,"column":20},"end":{"line":14,"column":35}},"6":{"start":{"line":15,"column":4},"end":{"line":27,"column":7}},"7":{"start":{"line":16,"column":6},"end":{"line":24,"column":7}},"8":{"start":{"line":17,"column":26},"end":{"line":20,"column":11}},"9":{"start":{"line":17,"column":78},"end":{"line":20,"column":9}},"10":{"start":{"line":21,"column":8},"end":{"line":21,"column":27}},"11":{"start":{"line":23,"column":8},"end":{"line":23,"column":41}},"12":{"start":{"line":26,"column":6},"end":{"line":26,"column":27}},"13":{"start":{"line":30,"column":23},"end":{"line":34,"column":4}},"14":{"start":{"line":31,"column":26},"end":{"line":31,"column":85}},"15":{"start":{"line":32,"column":28},"end":{"line":32,"column":87}},"16":{"start":{"line":33,"column":4},"end":{"line":33,"column":44}},"17":{"start":{"line":36,"column":2},"end":{"line":93,"column":4}},"18":{"start":{"line":62,"column":27},"end":{"line":62,"column":56}},"19":{"start":{"line":65,"column":33},"end":{"line":65,"column":66}},"20":{"start":{"line":78,"column":14},"end":{"line":85,"column":20}}},"fnMap":{"0":{"name":"(anonymous_0)","decl":{"start":{"line":8,"column":23},"end":{"line":8,"column":24}},"loc":{"start":{"line":8,"column":29},"end":{"line":94,"column":1}},"line":8},"1":{"name":"(anonymous_1)","decl":{"start":{"line":13,"column":12},"end":{"line":13,"column":13}},"loc":{"start":{"line":13,"column":18},"end":{"line":28,"column":3}},"line":13},"2":{"name":"(anonymous_2)","decl":{"start":{"line":15,"column":22},"end":{"line":15,"column":23}},"loc":{"start":{"line":15,"column":36},"end":{"line":25,"column":5}},"line":15},"3":{"name":"(anonymous_3)","decl":{"start":{"line":17,"column":61},"end":{"line":17,"column":62}},"loc":{"start":{"line":17,"column":78},"end":{"line":20,"column":9}},"line":17},"4":{"name":"(anonymous_4)","decl":{"start":{"line":25,"column":13},"end":{"line":25,"column":14}},"loc":{"start":{"line":25,"column":24},"end":{"line":27,"column":5}},"line":25},"5":{"name":"(anonymous_5)","decl":{"start":{"line":30,"column":35},"end":{"line":30,"column":36}},"loc":{"start":{"line":30,"column":42},"end":{"line":34,"column":3}},"line":30},"6":{"name":"(anonymous_6)","decl":{"start":{"line":62,"column":22},"end":{"line":62,"column":23}},"loc":{"start":{"line":62,"column":27},"end":{"line":62,"column":56}},"line":62},"7":{"name":"(anonymous_7)","decl":{"start":{"line":65,"column":28},"end":{"line":65,"column":29}},"loc":{"start":{"line":65,"column":33},"end":{"line":65,"column":66}},"line":65},"8":{"name":"(anonymous_8)","decl":{"start":{"line":77,"column":29},"end":{"line":77,"column":30}},"loc":{"start":{"line":78,"column":14},"end":{"line":85,"column":20}},"line":78}},"branchMap":{"0":{"loc":{"start":{"line":16,"column":6},"end":{"line":24,"column":7}},"type":"if","locations":[{"start":{"line":16,"column":6},"end":{"line":24,"column":7}},{"start":{"line":22,"column":13},"end":{"line":24,"column":7}}],"line":16},"1":{"loc":{"start":{"line":32,"column":28},"end":{"line":32,"column":87}},"type":"binary-expr","locations":[{"start":{"line":32,"column":28},"end":{"line":32,"column":52}},{"start":{"line":32,"column":56},"end":{"line":32,"column":87}}],"line":32},"2":{"loc":{"start":{"line":33,"column":11},"end":{"line":33,"column":43}},"type":"binary-expr","locations":[{"start":{"line":33,"column":11},"end":{"line":33,"column":24}},{"start":{"line":33,"column":28},"end":{"line":33,"column":43}}],"line":33},"3":{"loc":{"start":{"line":76,"column":11},"end":{"line":89,"column":11}},"type":"cond-expr","locations":[{"start":{"line":77,"column":12},"end":{"line":86,"column":14}},{"start":{"line":88,"column":12},"end":{"line":88,"column":33}}],"line":76}},"s":{"0":1,"1":10,"2":10,"3":10,"4":10,"5":4,"6":4,"7":4,"8":4,"9":8,"10":4,"11":0,"12":0,"13":10,"14":12,"15":12,"16":12,"17":10,"18":2,"19":0,"20":9},"f":{"0":10,"1":4,"2":4,"3":8,"4":0,"5":12,"6":2,"7":0,"8":9},"b":{"0":[4,0],"1":[12,0],"2":[12,9],"3":[5,5]},"_coverageSchema":"1a1c01bbd47fc00a2c39e90264f33305004495a9","hash":"d75f166055798d3959285d3b1966d7715354ecd0"}
,"C:\\JestTest\\hustlr\\src\\pages\\Home.js": {"path":"C:\\JestTest\\hustlr\\src\\pages\\Home.js","statementMap":{"0":{"start":{"line":21,"column":2},"end":{"line":30,"column":9}},"1":{"start":{"line":22,"column":19},"end":{"line":22,"column":62}},"2":{"start":{"line":23,"column":20},"end":{"line":23,"column":54}},"3":{"start":{"line":25,"column":4},"end":{"line":29,"column":5}},"4":{"start":{"line":26,"column":6},"end":{"line":28,"column":8}},"5":{"start":{"line":27,"column":8},"end":{"line":27,"column":41}},"6":{"start":{"line":32,"column":2},"end":{"line":86,"column":4}},"7":{"start":{"line":40,"column":14},"end":{"line":40,"column":61}},"8":{"start":{"line":61,"column":16},"end":{"line":61,"column":64}}},"fnMap":{"0":{"name":"Home","decl":{"start":{"line":20,"column":9},"end":{"line":20,"column":13}},"loc":{"start":{"line":20,"column":16},"end":{"line":87,"column":1}},"line":20},"1":{"name":"(anonymous_1)","decl":{"start":{"line":21,"column":12},"end":{"line":21,"column":13}},"loc":{"start":{"line":21,"column":18},"end":{"line":30,"column":3}},"line":21},"2":{"name":"(anonymous_2)","decl":{"start":{"line":26,"column":23},"end":{"line":26,"column":24}},"loc":{"start":{"line":26,"column":29},"end":{"line":28,"column":7}},"line":26},"3":{"name":"(anonymous_3)","decl":{"start":{"line":39,"column":74},"end":{"line":39,"column":75}},"loc":{"start":{"line":40,"column":14},"end":{"line":40,"column":61}},"line":40},"4":{"name":"(anonymous_4)","decl":{"start":{"line":60,"column":59},"end":{"line":60,"column":60}},"loc":{"start":{"line":61,"column":16},"end":{"line":61,"column":64}},"line":61}},"branchMap":{"0":{"loc":{"start":{"line":25,"column":4},"end":{"line":29,"column":5}},"type":"if","locations":[{"start":{"line":25,"column":4},"end":{"line":29,"column":5}},{"start":{},"end":{}}],"line":25},"1":{"loc":{"start":{"line":25,"column":8},"end":{"line":25,"column":25}},"type":"binary-expr","locations":[{"start":{"line":25,"column":8},"end":{"line":25,"column":14}},{"start":{"line":25,"column":18},"end":{"line":25,"column":25}}],"line":25}},"s":{"0":5,"1":5,"2":5,"3":5,"4":0,"5":0,"6":5,"7":40,"8":25},"f":{"0":5,"1":5,"2":0,"3":40,"4":25},"b":{"0":[0,5],"1":[5,0]},"_coverageSchema":"1a1c01bbd47fc00a2c39e90264f33305004495a9","hash":"9c8e0ce505323da6187645ead64038406930a0f7"}
,"C:\\JestTest\\hustlr\\src\\pages\\Land.js": {"path":"C:\\JestTest\\hustlr\\src\\pages\\Land.js","statementMap":{"0":{"start":{"line":8,"column":4},"end":{"line":26,"column":6}}},"fnMap":{"0":{"name":"(anonymous_0)","decl":{"start":{"line":7,"column":2},"end":{"line":7,"column":3}},"loc":{"start":{"line":7,"column":11},"end":{"line":27,"column":3}},"line":7}},"branchMap":{},"s":{"0":3},"f":{"0":3},"b":{},"_coverageSchema":"1a1c01bbd47fc00a2c39e90264f33305004495a9","hash":"35864fa7909117fbbd7849d0f4c9783e91f038b2"}
,"C:\\JestTest\\hustlr\\src\\pages\\SignIn.js": {"path":"C:\\JestTest\\hustlr\\src\\pages\\SignIn.js","statementMap":{"0":{"start":{"line":10,"column":23},"end":{"line":10,"column":47}},"1":{"start":{"line":11,"column":0},"end":{"line":11,"column":65}},"2":{"start":{"line":13,"column":26},"end":{"line":13,"column":60}},"3":{"start":{"line":14,"column":0},"end":{"line":14,"column":68}},"4":{"start":{"line":16,"column":15},"end":{"line":107,"column":1}},"5":{"start":{"line":17,"column":19},"end":{"line":17,"column":32}},"6":{"start":{"line":19,"column":19},"end":{"line":33,"column":3}},"7":{"start":{"line":20,"column":4},"end":{"line":32,"column":5}},"8":{"start":{"line":22,"column":8},"end":{"line":22,"column":28}},"9":{"start":{"line":23,"column":8},"end":{"line":23,"column":14}},"10":{"start":{"line":25,"column":8},"end":{"line":25,"column":32}},"11":{"start":{"line":26,"column":8},"end":{"line":26,"column":14}},"12":{"start":{"line":28,"column":8},"end":{"line":28,"column":27}},"13":{"start":{"line":29,"column":8},"end":{"line":29,"column":14}},"14":{"start":{"line":31,"column":8},"end":{"line":31,"column":47}},"15":{"start":{"line":35,"column":21},"end":{"line":59,"column":3}},"16":{"start":{"line":36,"column":4},"end":{"line":58,"column":5}},"17":{"start":{"line":37,"column":21},"end":{"line":37,"column":58}},"18":{"start":{"line":38,"column":19},"end":{"line":38,"column":30}},"19":{"start":{"line":39,"column":22},"end":{"line":39,"column":50}},"20":{"start":{"line":42,"column":6},"end":{"line":42,"column":48}},"21":{"start":{"line":43,"column":6},"end":{"line":43,"column":57}},"22":{"start":{"line":44,"column":6},"end":{"line":44,"column":52}},"23":{"start":{"line":47,"column":23},"end":{"line":47,"column":41}},"24":{"start":{"line":48,"column":6},"end":{"line":54,"column":7}},"25":{"start":{"line":49,"column":21},"end":{"line":49,"column":40}},"26":{"start":{"line":50,"column":8},"end":{"line":50,"column":23}},"27":{"start":{"line":52,"column":8},"end":{"line":52,"column":57}},"28":{"start":{"line":53,"column":8},"end":{"line":53,"column":28}},"29":{"start":{"line":56,"column":6},"end":{"line":56,"column":45}},"30":{"start":{"line":57,"column":6},"end":{"line":57,"column":42}},"31":{"start":{"line":61,"column":34},"end":{"line":63,"column":3}},"32":{"start":{"line":62,"column":4},"end":{"line":62,"column":54}},"33":{"start":{"line":65,"column":32},"end":{"line":67,"column":3}},"34":{"start":{"line":66,"column":4},"end":{"line":66,"column":63}},"35":{"start":{"line":69,"column":2},"end":{"line":106,"column":4}}},"fnMap":{"0":{"name":"(anonymous_0)","decl":{"start":{"line":16,"column":15},"end":{"line":16,"column":16}},"loc":{"start":{"line":16,"column":21},"end":{"line":107,"column":1}},"line":16},"1":{"name":"(anonymous_1)","decl":{"start":{"line":19,"column":19},"end":{"line":19,"column":20}},"loc":{"start":{"line":19,"column":29},"end":{"line":33,"column":3}},"line":19},"2":{"name":"(anonymous_2)","decl":{"start":{"line":35,"column":21},"end":{"line":35,"column":22}},"loc":{"start":{"line":35,"column":51},"end":{"line":59,"column":3}},"line":35},"3":{"name":"(anonymous_3)","decl":{"start":{"line":61,"column":34},"end":{"line":61,"column":35}},"loc":{"start":{"line":61,"column":40},"end":{"line":63,"column":3}},"line":61},"4":{"name":"(anonymous_4)","decl":{"start":{"line":65,"column":32},"end":{"line":65,"column":33}},"loc":{"start":{"line":65,"column":38},"end":{"line":67,"column":3}},"line":65}},"branchMap":{"0":{"loc":{"start":{"line":20,"column":4},"end":{"line":32,"column":5}},"type":"switch","locations":[{"start":{"line":21,"column":6},"end":{"line":23,"column":14}},{"start":{"line":24,"column":6},"end":{"line":26,"column":14}},{"start":{"line":27,"column":6},"end":{"line":29,"column":14}},{"start":{"line":30,"column":6},"end":{"line":31,"column":47}}],"line":20},"1":{"loc":{"start":{"line":48,"column":6},"end":{"line":54,"column":7}},"type":"if","locations":[{"start":{"line":48,"column":6},"end":{"line":54,"column":7}},{"start":{"line":51,"column":13},"end":{"line":54,"column":7}}],"line":48}},"s":{"0":0,"1":0,"2":0,"3":0,"4":0,"5":0,"6":0,"7":0,"8":0,"9":0,"10":0,"11":0,"12":0,"13":0,"14":0,"15":0,"16":0,"17":0,"18":0,"19":0,"20":0,"21":0,"22":0,"23":0,"24":0,"25":0,"26":0,"27":0,"28":0,"29":0,"30":0,"31":0,"32":0,"33":0,"34":0,"35":0},"f":{"0":0,"1":0,"2":0,"3":0,"4":0},"b":{"0":[0,0,0,0],"1":[0,0]}}
,"C:\\JestTest\\hustlr\\src\\pages\\SignUp.js": {"path":"C:\\JestTest\\hustlr\\src\\pages\\SignUp.js","statementMap":{"0":{"start":{"line":14,"column":23},"end":{"line":14,"column":47}},"1":{"start":{"line":15,"column":0},"end":{"line":17,"column":3}},"2":{"start":{"line":20,"column":26},"end":{"line":20,"column":60}},"3":{"start":{"line":21,"column":0},"end":{"line":23,"column":3}},"4":{"start":{"line":25,"column":20},"end":{"line":30,"column":1}},"5":{"start":{"line":31,"column":15},"end":{"line":206,"column":1}},"6":{"start":{"line":32,"column":19},"end":{"line":32,"column":32}},"7":{"start":{"line":34,"column":19},"end":{"line":48,"column":3}},"8":{"start":{"line":35,"column":4},"end":{"line":47,"column":5}},"9":{"start":{"line":37,"column":8},"end":{"line":37,"column":28}},"10":{"start":{"line":38,"column":8},"end":{"line":38,"column":14}},"11":{"start":{"line":40,"column":8},"end":{"line":40,"column":32}},"12":{"start":{"line":41,"column":8},"end":{"line":41,"column":14}},"13":{"start":{"line":43,"column":8},"end":{"line":43,"column":27}},"14":{"start":{"line":44,"column":8},"end":{"line":44,"column":14}},"15":{"start":{"line":46,"column":8},"end":{"line":46,"column":40}},"16":{"start":{"line":50,"column":34},"end":{"line":90,"column":3}},"17":{"start":{"line":51,"column":4},"end":{"line":89,"column":9}},"18":{"start":{"line":53,"column":21},"end":{"line":53,"column":32}},"19":{"start":{"line":54,"column":24},"end":{"line":54,"column":59}},"20":{"start":{"line":56,"column":8},"end":{"line":56,"column":50}},"21":{"start":{"line":57,"column":8},"end":{"line":57,"column":59}},"22":{"start":{"line":58,"column":8},"end":{"line":58,"column":54}},"23":{"start":{"line":61,"column":8},"end":{"line":84,"column":11}},"24":{"start":{"line":62,"column":10},"end":{"line":66,"column":11}},"25":{"start":{"line":63,"column":12},"end":{"line":63,"column":72}},"26":{"start":{"line":64,"column":12},"end":{"line":64,"column":32}},"27":{"start":{"line":65,"column":12},"end":{"line":65,"column":19}},"28":{"start":{"line":68,"column":10},"end":{"line":83,"column":11}},"29":{"start":{"line":69,"column":12},"end":{"line":69,"column":30}},"30":{"start":{"line":71,"column":25},"end":{"line":71,"column":84}},"31":{"start":{"line":72,"column":12},"end":{"line":75,"column":13}},"32":{"start":{"line":73,"column":14},"end":{"line":73,"column":63}},"33":{"start":{"line":74,"column":14},"end":{"line":74,"column":21}},"34":{"start":{"line":78,"column":12},"end":{"line":80,"column":15}},"35":{"start":{"line":82,"column":12},"end":{"line":82,"column":27}},"36":{"start":{"line":87,"column":8},"end":{"line":87,"column":54}},"37":{"start":{"line":88,"column":8},"end":{"line":88,"column":39}},"38":{"start":{"line":93,"column":32},"end":{"line":132,"column":3}},"39":{"start":{"line":94,"column":4},"end":{"line":131,"column":5}},"40":{"start":{"line":95,"column":21},"end":{"line":95,"column":76}},"41":{"start":{"line":96,"column":19},"end":{"line":96,"column":30}},"42":{"start":{"line":97,"column":22},"end":{"line":97,"column":60}},"43":{"start":{"line":99,"column":6},"end":{"line":99,"column":48}},"44":{"start":{"line":100,"column":6},"end":{"line":100,"column":57}},"45":{"start":{"line":101,"column":6},"end":{"line":101,"column":52}},"46":{"start":{"line":104,"column":23},"end":{"line":104,"column":41}},"47":{"start":{"line":105,"column":6},"end":{"line":109,"column":7}},"48":{"start":{"line":106,"column":8},"end":{"line":106,"column":68}},"49":{"start":{"line":107,"column":8},"end":{"line":107,"column":28}},"50":{"start":{"line":108,"column":8},"end":{"line":108,"column":15}},"51":{"start":{"line":111,"column":6},"end":{"line":126,"column":7}},"52":{"start":{"line":112,"column":8},"end":{"line":112,"column":26}},"53":{"start":{"line":114,"column":21},"end":{"line":114,"column":80}},"54":{"start":{"line":115,"column":8},"end":{"line":118,"column":9}},"55":{"start":{"line":116,"column":10},"end":{"line":116,"column":59}},"56":{"start":{"line":117,"column":10},"end":{"line":117,"column":17}},"57":{"start":{"line":121,"column":8},"end":{"line":123,"column":11}},"58":{"start":{"line":125,"column":8},"end":{"line":125,"column":23}},"59":{"start":{"line":129,"column":6},"end":{"line":129,"column":55}},"60":{"start":{"line":130,"column":6},"end":{"line":130,"column":49}},"61":{"start":{"line":135,"column":2},"end":{"line":205,"column":4}}},"fnMap":{"0":{"name":"(anonymous_0)","decl":{"start":{"line":31,"column":15},"end":{"line":31,"column":16}},"loc":{"start":{"line":31,"column":21},"end":{"line":206,"column":1}},"line":31},"1":{"name":"(anonymous_1)","decl":{"start":{"line":34,"column":19},"end":{"line":34,"column":20}},"loc":{"start":{"line":34,"column":29},"end":{"line":48,"column":3}},"line":34},"2":{"name":"(anonymous_2)","decl":{"start":{"line":50,"column":34},"end":{"line":50,"column":35}},"loc":{"start":{"line":50,"column":40},"end":{"line":90,"column":3}},"line":50},"3":{"name":"(anonymous_3)","decl":{"start":{"line":52,"column":12},"end":{"line":52,"column":13}},"loc":{"start":{"line":52,"column":24},"end":{"line":85,"column":7}},"line":52},"4":{"name":"(anonymous_4)","decl":{"start":{"line":61,"column":26},"end":{"line":61,"column":27}},"loc":{"start":{"line":61,"column":40},"end":{"line":84,"column":9}},"line":61},"5":{"name":"(anonymous_5)","decl":{"start":{"line":86,"column":13},"end":{"line":86,"column":14}},"loc":{"start":{"line":86,"column":24},"end":{"line":89,"column":7}},"line":86},"6":{"name":"(anonymous_6)","decl":{"start":{"line":93,"column":32},"end":{"line":93,"column":33}},"loc":{"start":{"line":93,"column":44},"end":{"line":132,"column":3}},"line":93}},"branchMap":{"0":{"loc":{"start":{"line":35,"column":4},"end":{"line":47,"column":5}},"type":"switch","locations":[{"start":{"line":36,"column":6},"end":{"line":38,"column":14}},{"start":{"line":39,"column":6},"end":{"line":41,"column":14}},{"start":{"line":42,"column":6},"end":{"line":44,"column":14}},{"start":{"line":45,"column":6},"end":{"line":46,"column":40}}],"line":35},"1":{"loc":{"start":{"line":62,"column":10},"end":{"line":66,"column":11}},"type":"if","locations":[{"start":{"line":62,"column":10},"end":{"line":66,"column":11}},{"start":{},"end":{}}],"line":62},"2":{"loc":{"start":{"line":68,"column":10},"end":{"line":83,"column":11}},"type":"if","locations":[{"start":{"line":68,"column":10},"end":{"line":83,"column":11}},{"start":{"line":70,"column":17},"end":{"line":83,"column":11}}],"line":68},"3":{"loc":{"start":{"line":72,"column":12},"end":{"line":75,"column":13}},"type":"if","locations":[{"start":{"line":72,"column":12},"end":{"line":75,"column":13}},{"start":{},"end":{}}],"line":72},"4":{"loc":{"start":{"line":105,"column":6},"end":{"line":109,"column":7}},"type":"if","locations":[{"start":{"line":105,"column":6},"end":{"line":109,"column":7}},{"start":{},"end":{}}],"line":105},"5":{"loc":{"start":{"line":111,"column":6},"end":{"line":126,"column":7}},"type":"if","locations":[{"start":{"line":111,"column":6},"end":{"line":126,"column":7}},{"start":{"line":113,"column":13},"end":{"line":126,"column":7}}],"line":111},"6":{"loc":{"start":{"line":115,"column":8},"end":{"line":118,"column":9}},"type":"if","locations":[{"start":{"line":115,"column":8},"end":{"line":118,"column":9}},{"start":{},"end":{}}],"line":115}},"s":{"0":0,"1":0,"2":0,"3":0,"4":0,"5":0,"6":0,"7":0,"8":0,"9":0,"10":0,"11":0,"12":0,"13":0,"14":0,"15":0,"16":0,"17":0,"18":0,"19":0,"20":0,"21":0,"22":0,"23":0,"24":0,"25":0,"26":0,"27":0,"28":0,"29":0,"30":0,"31":0,"32":0,"33":0,"34":0,"35":0,"36":0,"37":0,"38":0,"39":0,"40":0,"41":0,"42":0,"43":0,"44":0,"45":0,"46":0,"47":0,"48":0,"49":0,"50":0,"51":0,"52":0,"53":0,"54":0,"55":0,"56":0,"57":0,"58":0,"59":0,"60":0,"61":0},"f":{"0":0,"1":0,"2":0,"3":0,"4":0,"5":0,"6":0},"b":{"0":[0,0,0,0],"1":[0,0],"2":[0,0],"3":[0,0],"4":[0,0],"5":[0,0],"6":[0,0]}}
}
