TN:
SF:src\App.js
FN:19,App
FNF:1
FNH:0
FNDA:0,App
DA:20,0
LF:1
LH:0
BRF:0
BRH:0
end_of_record
TN:
SF:src\firebaseConfig.js
FNF:0
FNH:0
DA:7,0
DA:17,0
DA:28,0
DA:40,0
DA:41,0
DA:42,0
DA:45,0
DA:46,0
DA:47,0
DA:49,0
DA:50,0
LF:11
LH:0
BRF:0
BRH:0
end_of_record
TN:
SF:src\index.js
FNF:0
FNH:0
DA:7,0
DA:8,0
LF:2
LH:0
BRF:0
BRH:0
end_of_record
TN:
SF:src\components\Footer.js
FN:5,(anonymous_0)
FNF:1
FNH:1
FNDA:3,(anonymous_0)
DA:6,3
LF:1
LH:1
BRF:0
BRH:0
end_of_record
TN:
SF:src\components\FooterClient.js
FN:4,(anonymous_0)
FNF:1
FNH:1
FNDA:2,(anonymous_0)
DA:4,1
DA:5,2
LF:2
LH:2
BRF:0
BRH:0
end_of_record
TN:
SF:src\components\Header.js
FN:6,(anonymous_0)
FN:13,(anonymous_1)
FN:14,(anonymous_2)
FN:19,(anonymous_3)
FNF:4
FNH:0
FNDA:0,(anonymous_0)
FNDA:0,(anonymous_1)
FNDA:0,(anonymous_2)
FNDA:0,(anonymous_3)
DA:7,0
DA:8,0
DA:13,0
DA:14,0
DA:20,0
LF:5
LH:0
BRDA:34,0,0,0
BRDA:34,0,1,0
BRF:2
BRH:0
end_of_record
TN:
SF:src\components\HeaderClient.js
FN:5,(anonymous_0)
FN:12,(anonymous_1)
FN:13,(anonymous_2)
FN:15,(anonymous_3)
FN:24,(anonymous_4)
FNF:5
FNH:2
FNDA:4,(anonymous_0)
FNDA:0,(anonymous_1)
FNDA:0,(anonymous_2)
FNDA:0,(anonymous_3)
FNDA:4,(anonymous_4)
DA:6,4
DA:7,4
DA:12,4
DA:13,0
DA:16,0
DA:17,0
DA:19,0
DA:25,4
LF:8
LH:4
BRDA:16,0,0,0
BRDA:16,0,1,0
BRF:2
BRH:0
end_of_record
TN:
SF:src\components\HeaderFreelancer.js
FN:5,(anonymous_0)
FN:12,(anonymous_1)
FN:13,(anonymous_2)
FN:15,(anonymous_3)
FN:24,(anonymous_4)
FNF:5
FNH:0
FNDA:0,(anonymous_0)
FNDA:0,(anonymous_1)
FNDA:0,(anonymous_2)
FNDA:0,(anonymous_3)
FNDA:0,(anonymous_4)
DA:6,0
DA:7,0
DA:12,0
DA:13,0
DA:16,0
DA:17,0
DA:19,0
DA:25,0
LF:8
LH:0
BRDA:16,0,0,0
BRDA:16,0,1,0
BRF:2
BRH:0
end_of_record
TN:
SF:src\pages\AdminCorrect.js
FN:7,(anonymous_0)
FN:15,(anonymous_1)
FN:19,(anonymous_2)
FN:23,(anonymous_3)
FNF:4
FNH:0
FNDA:0,(anonymous_0)
FNDA:0,(anonymous_1)
FNDA:0,(anonymous_2)
FNDA:0,(anonymous_3)
DA:8,0
DA:9,0
DA:15,0
DA:16,0
DA:19,0
DA:20,0
DA:24,0
LF:7
LH:0
BRDA:33,0,0,0
BRDA:33,0,1,0
BRDA:51,1,0,0
BRDA:51,1,1,0
BRF:4
BRH:0
end_of_record
TN:
SF:src\pages\Client.js
FN:15,(anonymous_0)
FN:22,(anonymous_1)
FN:26,(anonymous_2)
FNF:3
FNH:0
FNDA:0,(anonymous_0)
FNDA:0,(anonymous_1)
FNDA:0,(anonymous_2)
DA:16,0
DA:17,0
DA:22,0
DA:23,0
DA:27,0
LF:5
LH:0
BRDA:37,0,0,0
BRDA:37,0,1,0
BRF:2
BRH:0
end_of_record
TN:
SF:src\pages\ClientJobs.js
FN:20,(anonymous_0)
FN:27,(anonymous_1)
FN:31,(anonymous_2)
FN:43,(anonymous_3)
FN:50,(anonymous_4)
FN:56,(anonymous_5)
FN:95,(anonymous_6)
FN:97,(anonymous_7)
FN:109,(anonymous_8)
FN:137,(anonymous_9)
FN:148,(anonymous_10)
FN:149,(anonymous_11)
FNF:12
FNH:0
FNDA:0,(anonymous_0)
FNDA:0,(anonymous_1)
FNDA:0,(anonymous_2)
FNDA:0,(anonymous_3)
FNDA:0,(anonymous_4)
FNDA:0,(anonymous_5)
FNDA:0,(anonymous_6)
FNDA:0,(anonymous_7)
FNDA:0,(anonymous_8)
FNDA:0,(anonymous_9)
FNDA:0,(anonymous_10)
FNDA:0,(anonymous_11)
DA:9,0
DA:17,0
DA:20,0
DA:21,0
DA:22,0
DA:23,0
DA:24,0
DA:25,0
DA:27,0
DA:28,0
DA:31,0
DA:32,0
DA:33,0
DA:40,0
DA:43,0
DA:44,0
DA:45,0
DA:46,0
DA:50,0
DA:51,0
DA:52,0
DA:53,0
DA:56,0
DA:57,0
DA:60,0
DA:61,0
DA:62,0
DA:65,0
DA:67,0
DA:68,0
DA:69,0
DA:70,0
DA:76,0
DA:77,0
DA:85,0
DA:86,0
DA:89,0
DA:90,0
DA:91,0
DA:95,0
DA:96,0
DA:97,0
DA:98,0
DA:99,0
DA:101,0
DA:102,0
DA:103,0
DA:106,0
DA:109,0
DA:112,0
DA:138,0
DA:148,0
DA:149,0
LF:53
LH:0
BRDA:44,0,0,0
BRDA:44,0,1,0
BRDA:60,1,0,0
BRDA:60,1,1,0
BRDA:60,2,0,0
BRDA:60,2,1,0
BRDA:60,2,2,0
BRDA:60,2,3,0
BRDA:60,2,4,0
BRDA:68,3,0,0
BRDA:68,3,1,0
BRDA:102,4,0,0
BRDA:102,4,1,0
BRDA:134,5,0,0
BRDA:134,5,1,0
BRDA:144,6,0,0
BRDA:144,6,1,0
BRDA:145,7,0,0
BRDA:145,7,1,0
BRDA:160,8,0,0
BRDA:160,8,1,0
BRDA:163,9,0,0
BRDA:163,9,1,0
BRDA:167,10,0,0
BRDA:167,10,1,0
BRDA:194,11,0,0
BRDA:194,11,1,0
BRDA:195,12,0,0
BRDA:195,12,1,0
BRF:29
BRH:0
end_of_record
TN:
SF:src\pages\ClientPayments.js
FN:4,(anonymous_0)
FNF:1
FNH:1
FNDA:4,(anonymous_0)
DA:4,1
DA:5,4
LF:2
LH:2
BRF:0
BRH:0
end_of_record
TN:
SF:src\pages\Freelancer.js
FN:17,(anonymous_0)
FN:25,(anonymous_1)
FN:29,(anonymous_2)
FN:33,(anonymous_3)
FNF:4
FNH:0
FNDA:0,(anonymous_0)
FNDA:0,(anonymous_1)
FNDA:0,(anonymous_2)
FNDA:0,(anonymous_3)
DA:18,0
DA:19,0
DA:25,0
DA:26,0
DA:29,0
DA:30,0
DA:34,0
LF:7
LH:0
BRDA:44,0,0,0
BRDA:44,0,1,0
BRDA:56,1,0,0
BRDA:56,1,1,0
BRF:4
BRH:0
end_of_record
TN:
SF:src\pages\FreelancerJobs.js
FN:8,(anonymous_0)
FN:13,(anonymous_1)
FN:15,(anonymous_2)
FN:17,(anonymous_3)
FN:25,(anonymous_4)
FN:30,(anonymous_5)
FN:62,(anonymous_6)
FN:65,(anonymous_7)
FN:77,(anonymous_8)
FNF:9
FNH:7
FNDA:10,(anonymous_0)
FNDA:4,(anonymous_1)
FNDA:4,(anonymous_2)
FNDA:8,(anonymous_3)
FNDA:0,(anonymous_4)
FNDA:12,(anonymous_5)
FNDA:2,(anonymous_6)
FNDA:0,(anonymous_7)
FNDA:9,(anonymous_8)
DA:8,1
DA:9,10
DA:10,10
DA:11,10
DA:13,10
DA:14,4
DA:15,4
DA:16,4
DA:17,8
DA:21,4
DA:23,0
DA:26,0
DA:30,10
DA:31,12
DA:32,12
DA:33,12
DA:36,10
DA:62,2
DA:65,0
DA:78,9
LF:20
LH:17
BRDA:16,0,0,4
BRDA:16,0,1,0
BRDA:32,1,0,12
BRDA:32,1,1,0
BRDA:33,2,0,12
BRDA:33,2,1,9
BRDA:76,3,0,5
BRDA:76,3,1,5
BRF:8
BRH:6
end_of_record
TN:
SF:src\pages\Home.js
FN:20,Home
FN:21,(anonymous_1)
FN:26,(anonymous_2)
FN:39,(anonymous_3)
FN:60,(anonymous_4)
FNF:5
FNH:4
FNDA:5,Home
FNDA:5,(anonymous_1)
FNDA:0,(anonymous_2)
FNDA:40,(anonymous_3)
FNDA:25,(anonymous_4)
DA:21,5
DA:22,5
DA:23,5
DA:25,5
DA:26,0
DA:27,0
DA:32,5
DA:40,40
DA:61,25
LF:9
LH:7
BRDA:25,0,0,0
BRDA:25,0,1,5
BRDA:25,1,0,5
BRDA:25,1,1,0
BRF:4
BRH:2
end_of_record
TN:
SF:src\pages\Land.js
FN:7,(anonymous_0)
FNF:1
FNH:1
FNDA:3,(anonymous_0)
DA:8,3
LF:1
LH:1
BRF:0
BRH:0
end_of_record
TN:
SF:src\pages\SignIn.js
FN:16,(anonymous_0)
FN:19,(anonymous_1)
FN:35,(anonymous_2)
FN:61,(anonymous_3)
FN:65,(anonymous_4)
FNF:5
FNH:0
FNDA:0,(anonymous_0)
FNDA:0,(anonymous_1)
FNDA:0,(anonymous_2)
FNDA:0,(anonymous_3)
FNDA:0,(anonymous_4)
DA:10,0
DA:11,0
DA:13,0
DA:14,0
DA:16,0
DA:17,0
DA:19,0
DA:20,0
DA:22,0
DA:23,0
DA:25,0
DA:26,0
DA:28,0
DA:29,0
DA:31,0
DA:35,0
DA:36,0
DA:37,0
DA:38,0
DA:39,0
DA:42,0
DA:43,0
DA:44,0
DA:47,0
DA:48,0
DA:49,0
DA:50,0
DA:52,0
DA:53,0
DA:56,0
DA:57,0
DA:61,0
DA:62,0
DA:65,0
DA:66,0
DA:69,0
LF:36
LH:0
BRDA:20,0,0,0
BRDA:20,0,1,0
BRDA:20,0,2,0
BRDA:20,0,3,0
BRDA:48,1,0,0
BRDA:48,1,1,0
BRF:6
BRH:0
end_of_record
TN:
SF:src\pages\SignUp.js
FN:31,(anonymous_0)
FN:34,(anonymous_1)
FN:50,(anonymous_2)
FN:52,(anonymous_3)
FN:61,(anonymous_4)
FN:86,(anonymous_5)
FN:93,(anonymous_6)
FNF:7
FNH:0
FNDA:0,(anonymous_0)
FNDA:0,(anonymous_1)
FNDA:0,(anonymous_2)
FNDA:0,(anonymous_3)
FNDA:0,(anonymous_4)
FNDA:0,(anonymous_5)
FNDA:0,(anonymous_6)
DA:14,0
DA:15,0
DA:20,0
DA:21,0
DA:25,0
DA:31,0
DA:32,0
DA:34,0
DA:35,0
DA:37,0
DA:38,0
DA:40,0
DA:41,0
DA:43,0
DA:44,0
DA:46,0
DA:50,0
DA:51,0
DA:53,0
DA:54,0
DA:56,0
DA:57,0
DA:58,0
DA:61,0
DA:62,0
DA:63,0
DA:64,0
DA:65,0
DA:68,0
DA:69,0
DA:71,0
DA:72,0
DA:73,0
DA:74,0
DA:78,0
DA:82,0
DA:87,0
DA:88,0
DA:93,0
DA:94,0
DA:95,0
DA:96,0
DA:97,0
DA:99,0
DA:100,0
DA:101,0
DA:104,0
DA:105,0
DA:106,0
DA:107,0
DA:108,0
DA:111,0
DA:112,0
DA:114,0
DA:115,0
DA:116,0
DA:117,0
DA:121,0
DA:125,0
DA:129,0
DA:130,0
DA:135,0
LF:62
LH:0
BRDA:35,0,0,0
BRDA:35,0,1,0
BRDA:35,0,2,0
BRDA:35,0,3,0
BRDA:62,1,0,0
BRDA:62,1,1,0
BRDA:68,2,0,0
BRDA:68,2,1,0
BRDA:72,3,0,0
BRDA:72,3,1,0
BRDA:105,4,0,0
BRDA:105,4,1,0
BRDA:111,5,0,0
BRDA:111,5,1,0
BRDA:115,6,0,0
BRDA:115,6,1,0
BRF:16
BRH:0
end_of_record
